[debug] [2022-05-07T06:23:50.015Z] ----------------------------------------------------------------------
[debug] [2022-05-07T06:23:50.018Z] Command:       C:\Program Files\nodejs\node.exe C:\Users\01861135457\AppData\Roaming\npm\node_modules\firebase-tools\lib\bin\firebase.js deploy
[debug] [2022-05-07T06:23:50.018Z] CLI Version:   10.7.2
[debug] [2022-05-07T06:23:50.018Z] Platform:      win32
[debug] [2022-05-07T06:23:50.018Z] Node Version:  v16.14.0
[debug] [2022-05-07T06:23:50.025Z] Time:          Sat May 07 2022 12:23:50 GMT+0600 (Bangladesh Standard Time)
[debug] [2022-05-07T06:23:50.025Z] ----------------------------------------------------------------------
[debug] 
[debug] [2022-05-07T06:23:50.103Z] > command requires scopes: ["email","openid","https://www.googleapis.com/auth/cloudplatformprojects.readonly","https://www.googleapis.com/auth/firebase","https://www.googleapis.com/auth/cloud-platform"]
[debug] [2022-05-07T06:23:50.103Z] > authorizing via signed-in user (ishaqrabbu97@gmail.com)
[debug] [2022-05-07T06:23:50.103Z] [iam] checking project the-green-warehouse for permissions ["firebase.projects.get","firebasehosting.sites.update"]
[debug] [2022-05-07T06:23:50.105Z] > refreshing access token with scopes: []
[debug] [2022-05-07T06:23:50.105Z] >>> HTTP REQUEST POST https://www.googleapis.com/oauth2/v3/token  
 <request body omitted>
[debug] [2022-05-07T06:24:11.168Z] [iam] error while checking permissions, command may fail: FirebaseError: Authentication Error: Your credentials are no longer valid. Please run firebase login --reauth

For CI servers and headless environments, generate a new token with firebase login:ci
[debug] [2022-05-07T06:24:11.169Z] > refreshing access token with scopes: []
[debug] [2022-05-07T06:24:11.169Z] >>> HTTP REQUEST POST https://www.googleapis.com/oauth2/v3/token  
 <request body omitted>
[debug] [2022-05-07T06:24:32.199Z] Authentication Error: Your credentials are no longer valid. Please run firebase login --reauth

For CI servers and headless environments, generate a new token with firebase login:ci
[debug] [2022-05-07T06:24:39.762Z] FirebaseError: Authentication Error: Your credentials are no longer valid. Please run firebase login --reauth

For CI servers and headless environments, generate a new token with firebase login:ci
    at invalidCredentialError (C:\Users\01861135457\AppData\Roaming\npm\node_modules\firebase-tools\lib\auth.js:145:12)
    at refreshTokens (C:\Users\01861135457\AppData\Roaming\npm\node_modules\firebase-tools\lib\auth.js:485:15)
    at processTicksAndRejections (node:internal/process/task_queues:96:5)
    at async Client.getAccessToken (C:\Users\01861135457\AppData\Roaming\npm\node_modules\firebase-tools\lib\apiv2.js:147:23)
    at async Client.addAuthHeader (C:\Users\01861135457\AppData\Roaming\npm\node_modules\firebase-tools\lib\apiv2.js:138:21)
    at async Client.request (C:\Users\01861135457\AppData\Roaming\npm\node_modules\firebase-tools\lib\apiv2.js:94:34)
    at async getFirebaseProject (C:\Users\01861135457\AppData\Roaming\npm\node_modules\firebase-tools\lib\management\projects.js:290:21)
    at async getDefaultHostingSite (C:\Users\01861135457\AppData\Roaming\npm\node_modules\firebase-tools\lib\getDefaultHostingSite.js:8:21)
    at async requireHostingSite (C:\Users\01861135457\AppData\Roaming\npm\node_modules\firebase-tools\lib\requireHostingSite.js:9:18)
    at async Object.fn (C:\Users\01861135457\AppData\Roaming\npm\node_modules\firebase-tools\lib\commands\deploy.js:73:9)
    at async C:\Users\01861135457\AppData\Roaming\npm\node_modules\firebase-tools\lib\command.js:188:17
[error] 
[error] Error: Failed to get Firebase project the-green-warehouse. Please make sure the project exists and your account has permission to access it.
